WARNING:cbbpy.cbbpy_utils:"Sun Nov 17 20:51:57 2024": 401727841 - Postponed
WARNING:cbbpy.cbbpy_utils:"Sun Nov 17 20:51:57 2024": 401727841 - Postponed
WARNING:cbbpy.cbbpy_utils:"Sun Nov 17 20:53:56 2024": 401716154 - Postponed
WARNING:cbbpy.cbbpy_utils:"Sun Nov 17 20:53:56 2024": 401716154 - Postponed
WARNING:cbbpy.cbbpy_utils:"Sun Nov 17 20:56:50 2024": 401727064 - Halftime
WARNING:cbbpy.cbbpy_utils:"Sun Nov 17 20:56:50 2024": 401727064 - Halftime
WARNING:cbbpy.cbbpy_utils:"Sun Nov 17 20:56:50 2024": 401718466 - In Progress
WARNING:cbbpy.cbbpy_utils:"Sun Nov 17 20:56:50 2024": 401722305 - Halftime
WARNING:cbbpy.cbbpy_utils:"Sun Nov 17 20:56:51 2024": 401718466 - In Progress
WARNING:cbbpy.cbbpy_utils:"Sun Nov 17 20:56:51 2024": 401722305 - Halftime
WARNING:cbbpy.cbbpy_utils:"Sun Nov 17 20:57:04 2024": 401719350 - Scheduled
WARNING:cbbpy.cbbpy_utils:"Sun Nov 17 20:57:05 2024": 401719350 - Scheduled
WARNING:cbbpy.cbbpy_utils:"Sun Nov 17 20:57:05 2024": 401715432 - Scheduled
WARNING:cbbpy.cbbpy_utils:"Sun Nov 17 20:57:05 2024": 401720515 - Scheduled
WARNING:cbbpy.cbbpy_utils:"Sun Nov 17 20:57:05 2024": 401715432 - Scheduled
WARNING:cbbpy.cbbpy_utils:"Sun Nov 17 20:57:06 2024": 401720515 - Scheduled
WARNING:cbbpy.cbbpy_utils:"Mon Jan  6 13:35:04 2025": 401715335 - No PBP available
WARNING:cbbpy.cbbpy_utils:"Mon Jan  6 13:35:06 2025": 401707976 - No PBP available
WARNING:cbbpy.cbbpy_utils:"Mon Jan  6 13:35:07 2025": 401715627 - No PBP available
WARNING:cbbpy.cbbpy_utils:"Mon Jan  6 13:35:09 2025": 401714888 - No PBP available
WARNING:cbbpy.cbbpy_utils:"Mon Jan  6 13:35:10 2025": 401714908 - No PBP available
WARNING:cbbpy.cbbpy_utils:"Mon Jan  6 13:35:10 2025": 401715317 - No PBP available
WARNING:cbbpy.cbbpy_utils:"Mon Jan  6 13:35:21 2025": 401727416 - No PBP available
WARNING:cbbpy.cbbpy_utils:"Mon Jan  6 13:35:22 2025": 401726019 - No PBP available
WARNING:cbbpy.cbbpy_utils:"Mon Jan  6 13:35:22 2025": 401715874 - No PBP available
WARNING:cbbpy.cbbpy_utils:"Mon Jan  6 13:35:23 2025": 401721761 - No PBP available
WARNING:cbbpy.cbbpy_utils:"Mon Jan  6 13:35:24 2025": 401721041 - No PBP available
WARNING:cbbpy.cbbpy_utils:"Mon Jan  6 13:35:25 2025": 401706147 - No PBP available
WARNING:cbbpy.cbbpy_utils:"Mon Jan  6 13:35:26 2025": 401712993 - No PBP available
WARNING:cbbpy.cbbpy_utils:"Mon Jan  6 13:35:26 2025": 401731875 - No PBP available
WARNING:cbbpy.cbbpy_utils:"Mon Jan  6 13:35:27 2025": 401728972 - No PBP available
WARNING:cbbpy.cbbpy_utils:"Mon Jan  6 13:35:30 2025": 401726560 - No PBP available
WARNING:cbbpy.cbbpy_utils:"Mon Jan  6 13:35:31 2025": 401726058 - No PBP available
WARNING:cbbpy.cbbpy_utils:"Mon Jan  6 13:35:31 2025": 401726052 - No PBP available
WARNING:cbbpy.cbbpy_utils:"Mon Jan  6 13:35:32 2025": 401726035 - No PBP available
WARNING:cbbpy.cbbpy_utils:"Mon Jan  6 13:35:32 2025": 401724517 - No PBP available
WARNING:cbbpy.cbbpy_utils:"Mon Jan  6 13:35:33 2025": 401722193 - No PBP available
WARNING:cbbpy.cbbpy_utils:"Mon Jan  6 13:35:34 2025": 401722118 - No PBP available
WARNING:cbbpy.cbbpy_utils:"Mon Jan  6 13:35:37 2025": 401721646 - No PBP available
WARNING:cbbpy.cbbpy_utils:"Mon Jan  6 13:35:38 2025": 401721059 - No PBP available
WARNING:cbbpy.cbbpy_utils:"Mon Jan  6 13:35:39 2025": 401721009 - No PBP available
WARNING:cbbpy.cbbpy_utils:"Mon Jan  6 13:35:39 2025": 401720991 - No PBP available
WARNING:cbbpy.cbbpy_utils:"Mon Jan  6 13:35:42 2025": 401720574 - No PBP available
WARNING:cbbpy.cbbpy_utils:"Mon Jan  6 13:35:44 2025": 401718247 - No PBP available
WARNING:cbbpy.cbbpy_utils:"Mon Jan  6 13:35:45 2025": 401715888 - No PBP available
WARNING:cbbpy.cbbpy_utils:"Mon Jan  6 13:35:45 2025": 401715687 - No PBP available
WARNING:cbbpy.cbbpy_utils:"Mon Jan  6 13:35:46 2025": 401715674 - No PBP available
WARNING:cbbpy.cbbpy_utils:"Mon Jan  6 13:35:46 2025": 401715651 - No PBP available
WARNING:cbbpy.cbbpy_utils:"Mon Jan  6 13:35:48 2025": 401711742 - No PBP available
WARNING:cbbpy.cbbpy_utils:"Mon Jan  6 13:35:49 2025": 401711702 - No PBP available
WARNING:cbbpy.cbbpy_utils:"Mon Jan  6 13:35:49 2025": 401706990 - No PBP available
WARNING:cbbpy.cbbpy_utils:"Mon Jan  6 13:35:51 2025": 401700417 - No PBP available
WARNING:cbbpy.cbbpy_utils:"Mon Jan  6 13:35:52 2025": 401700407 - No PBP available
WARNING:cbbpy.cbbpy_utils:"Mon Jan  6 13:35:53 2025": 401729955 - No PBP available
WARNING:cbbpy.cbbpy_utils:"Mon Jan  6 13:35:54 2025": 401728317 - No PBP available
WARNING:cbbpy.cbbpy_utils:"Mon Jan  6 13:35:54 2025": 401727491 - No PBP available
WARNING:cbbpy.cbbpy_utils:"Mon Jan  6 13:35:55 2025": 401726453 - No PBP available
WARNING:cbbpy.cbbpy_utils:"Mon Jan  6 13:35:55 2025": 401726009 - No PBP available
WARNING:cbbpy.cbbpy_utils:"Mon Jan  6 13:35:56 2025": 401722560 - No PBP available
WARNING:cbbpy.cbbpy_utils:"Mon Jan  6 13:35:57 2025": 401722206 - No PBP available
WARNING:cbbpy.cbbpy_utils:"Mon Jan  6 13:35:59 2025": 401715621 - No PBP available
WARNING:cbbpy.cbbpy_utils:"Mon Jan  6 13:35:59 2025": 401715560 - No PBP available
WARNING:cbbpy.cbbpy_utils:"Mon Jan  6 13:35:59 2025": 401715413 - No PBP available
WARNING:cbbpy.cbbpy_utils:"Mon Jan  6 13:36:00 2025": 401714988 - No PBP available
WARNING:cbbpy.cbbpy_utils:"Mon Jan  6 13:36:02 2025": 401727145 - No PBP available
WARNING:cbbpy.cbbpy_utils:"Mon Jan  6 13:36:06 2025": 401722598 - No PBP available
WARNING:cbbpy.cbbpy_utils:"Mon Jan  6 13:36:08 2025": 401722003 - No PBP available
WARNING:cbbpy.cbbpy_utils:"Mon Jan  6 13:36:09 2025": 401721950 - No PBP available
WARNING:cbbpy.cbbpy_utils:"Mon Jan  6 13:36:12 2025": 401720999 - No PBP available
WARNING:cbbpy.cbbpy_utils:"Mon Jan  6 13:36:13 2025": 401720941 - No PBP available
WARNING:cbbpy.cbbpy_utils:"Mon Jan  6 13:36:13 2025": 401720867 - No PBP available
WARNING:cbbpy.cbbpy_utils:"Mon Jan  6 13:36:14 2025": 401720474 - No PBP available
WARNING:cbbpy.cbbpy_utils:"Mon Jan  6 13:36:17 2025": 401715915 - No PBP available
WARNING:cbbpy.cbbpy_utils:"Mon Jan  6 13:36:17 2025": 401715615 - No PBP available
WARNING:cbbpy.cbbpy_utils:"Mon Jan  6 13:36:17 2025": 401715456 - No PBP available
WARNING:cbbpy.cbbpy_utils:"Mon Jan  6 13:36:19 2025": 401715307 - No PBP available
WARNING:cbbpy.cbbpy_utils:"Mon Jan  6 13:36:21 2025": 401707875 - No PBP available
WARNING:cbbpy.cbbpy_utils:"Mon Jan  6 13:36:22 2025": 401707847 - No PBP available
WARNING:cbbpy.cbbpy_utils:"Mon Jan  6 13:36:23 2025": 401706900 - No PBP available
WARNING:cbbpy.cbbpy_utils:"Mon Jan  6 13:36:23 2025": 401700461 - No PBP available
WARNING:cbbpy.cbbpy_utils:"Mon Jan  6 13:36:26 2025": 401727085 - No PBP available
WARNING:cbbpy.cbbpy_utils:"Mon Jan  6 13:36:27 2025": 401725371 - No PBP available
WARNING:cbbpy.cbbpy_utils:"Mon Jan  6 13:36:30 2025": 401726405 - No PBP available
WARNING:cbbpy.cbbpy_utils:"Mon Jan  6 13:36:32 2025": 401720868 - No PBP available
WARNING:cbbpy.cbbpy_utils:"Mon Jan  6 13:36:43 2025": 401716111 - No PBP available
WARNING:cbbpy.cbbpy_utils:"Mon Jan  6 13:36:46 2025": 401727841 - Canceled
WARNING:cbbpy.cbbpy_utils:"Mon Jan  6 13:36:46 2025": 401727841 - Canceled
WARNING:cbbpy.cbbpy_utils:"Mon Jan  6 13:36:46 2025": 401727841 - Canceled
WARNING:cbbpy.cbbpy_utils:"Mon Jan  6 13:37:49 2025": 401720708 - No PBP available
WARNING:cbbpy.cbbpy_utils:"Mon Jan  6 13:38:29 2025": 401722308 - No PBP available
WARNING:cbbpy.cbbpy_utils:"Mon Jan  6 13:39:11 2025": 401738328 - No PBP available
WARNING:cbbpy.cbbpy_utils:"Mon Jan  6 13:39:51 2025": 401716154 - Postponed
WARNING:cbbpy.cbbpy_utils:"Mon Jan  6 13:39:51 2025": 401716154 - Postponed
WARNING:cbbpy.cbbpy_utils:"Mon Jan  6 13:39:52 2025": 401716154 - Postponed
WARNING:cbbpy.cbbpy_utils:"Mon Jan  6 13:40:26 2025": 401732267 - No PBP available
WARNING:cbbpy.cbbpy_utils:"Mon Jan  6 13:40:41 2025": 401727417 - No PBP available
WARNING:cbbpy.cbbpy_utils:"Mon Jan  6 13:41:24 2025": 401727495 - No PBP available
WARNING:cbbpy.cbbpy_utils:"Mon Jan  6 13:41:33 2025": 401715865 - No PBP available
WARNING:cbbpy.cbbpy_utils:"Mon Jan  6 13:43:06 2025": 401727841 - Canceled
WARNING:cbbpy.cbbpy_utils:"Mon Jan  6 13:43:06 2025": 401727841 - Canceled
WARNING:cbbpy.cbbpy_utils:"Mon Jan  6 13:44:40 2025": 401716154 - Postponed
WARNING:cbbpy.cbbpy_utils:"Mon Jan  6 13:44:41 2025": 401716154 - Postponed
WARNING:cbbpy.cbbpy_utils:"Mon Jan  6 13:48:10 2025": 401726454 - Scheduled
WARNING:cbbpy.cbbpy_utils:"Mon Jan  6 13:48:10 2025": 401726454 - Scheduled
